2022-06-27 12:26:44,496 INFO org.springframework.boot.StartupInfoLogger [main] Starting EurekaApplication using Java 17.0.1 on MacBook-Air-de-Carlos.local with PID 33511 (/Users/cbgomes/IdeaProjects/supermarket/supermarket-acme/service-registry/target/classes started by cbgomes in /Users/cbgomes/IdeaProjects/supermarket/supermarket-acme)
2022-06-27 12:26:44,502 DEBUG org.springframework.boot.StartupInfoLogger [main] Running with Spring Boot v2.6.0, Spring v5.3.13
2022-06-27 12:26:44,502 INFO org.springframework.boot.SpringApplication [main] No active profile set, falling back to default profiles: default
2022-06-27 12:26:46,588 INFO org.springframework.cloud.context.scope.GenericScope [main] BeanFactory id=57f136dd-1a6f-3925-aa8d-db41bda2a078
2022-06-27 12:26:47,903 WARN org.springframework.cloud.sleuth.autoconfig.zipkin2.ZipkinAutoConfiguration [main] Check result of the [RestTemplateSender{http://localhost:9411/api/v2/spans}] contains an error [CheckResult{ok=false, error=org.springframework.web.client.ResourceAccessException: I/O error on POST request for "http://localhost:9411/api/v2/spans": Connection refused; nested exception is java.net.ConnectException: Connection refused}]
2022-06-27 12:26:48,594 INFO org.springframework.boot.web.embedded.tomcat.TomcatWebServer [main] Tomcat initialized with port(s): 8761 (http)
2022-06-27 12:26:48,604 INFO org.apache.juli.logging.DirectJDKLog [main] Initializing ProtocolHandler ["http-nio-8761"]
2022-06-27 12:26:48,605 INFO org.apache.juli.logging.DirectJDKLog [main] Starting service [Tomcat]
2022-06-27 12:26:48,605 INFO org.apache.juli.logging.DirectJDKLog [main] Starting Servlet engine: [Apache Tomcat/9.0.55]
2022-06-27 12:26:48,761 INFO org.apache.juli.logging.DirectJDKLog [main] Initializing Spring embedded WebApplicationContext
2022-06-27 12:26:48,762 INFO org.springframework.boot.web.servlet.context.ServletWebServerApplicationContext [main] Root WebApplicationContext: initialization completed in 4171 ms
2022-06-27 12:26:49,012 INFO com.sun.jersey.server.impl.application.WebApplicationImpl [main] Initiating Jersey application, version 'Jersey: 1.19.4 05/24/2017 03:20 PM'
2022-06-27 12:26:49,103 INFO com.netflix.discovery.provider.DiscoveryJerseyProvider [main] Using JSON encoding codec LegacyJacksonJson
2022-06-27 12:26:49,104 INFO com.netflix.discovery.provider.DiscoveryJerseyProvider [main] Using JSON decoding codec LegacyJacksonJson
2022-06-27 12:26:49,272 INFO com.netflix.discovery.provider.DiscoveryJerseyProvider [main] Using XML encoding codec XStreamXml
2022-06-27 12:26:49,272 INFO com.netflix.discovery.provider.DiscoveryJerseyProvider [main] Using XML decoding codec XStreamXml
2022-06-27 12:26:51,737 INFO org.springframework.cloud.netflix.eureka.config.DiscoveryClientOptionalArgsConfiguration [main] Eureka HTTP Client uses Jersey
2022-06-27 12:26:51,868 WARN org.springframework.cloud.loadbalancer.config.LoadBalancerCacheAutoConfiguration$LoadBalancerCaffeineWarnLogger [main] Spring Cloud LoadBalancer is currently working with the default cache. You can switch to using Caffeine cache, by adding it and org.springframework.cache.caffeine.CaffeineCacheManager to the classpath.
2022-06-27 12:26:51,889 INFO org.springframework.cloud.netflix.eureka.InstanceInfoFactory [main] Setting initial instance status as: STARTING
2022-06-27 12:26:51,923 INFO com.netflix.discovery.DiscoveryClient [main] Initializing Eureka in region us-east-1
2022-06-27 12:26:51,924 INFO com.netflix.discovery.DiscoveryClient [main] Client configured to neither register nor query for data.
2022-06-27 12:26:51,932 INFO com.netflix.discovery.DiscoveryClient [main] Discovery Client initialized at timestamp 1656343611930 with initial instances count: 0
2022-06-27 12:26:52,028 INFO com.netflix.eureka.DefaultEurekaServerContext [main] Initializing ...
2022-06-27 12:26:52,031 INFO com.netflix.eureka.cluster.PeerEurekaNodes [main] Adding new peer nodes [http://localhost:8761/eureka/]
2022-06-27 12:26:52,348 INFO com.netflix.discovery.provider.DiscoveryJerseyProvider [main] Using JSON encoding codec LegacyJacksonJson
2022-06-27 12:26:52,348 INFO com.netflix.discovery.provider.DiscoveryJerseyProvider [main] Using JSON decoding codec LegacyJacksonJson
2022-06-27 12:26:52,349 INFO com.netflix.discovery.provider.DiscoveryJerseyProvider [main] Using XML encoding codec XStreamXml
2022-06-27 12:26:52,349 INFO com.netflix.discovery.provider.DiscoveryJerseyProvider [main] Using XML decoding codec XStreamXml
2022-06-27 12:26:52,640 INFO com.netflix.eureka.cluster.PeerEurekaNodes [main] Replica node URL:  http://localhost:8761/eureka/
2022-06-27 12:26:52,689 INFO com.netflix.eureka.registry.AbstractInstanceRegistry [main] Finished initializing remote region registries. All known remote regions: []
2022-06-27 12:26:52,701 INFO com.netflix.eureka.DefaultEurekaServerContext [main] Initialized
2022-06-27 12:26:52,813 INFO org.springframework.boot.actuate.endpoint.web.EndpointLinksResolver [main] Exposing 1 endpoint(s) beneath base path '/actuator'
2022-06-27 12:26:52,973 INFO org.springframework.cloud.netflix.eureka.serviceregistry.EurekaServiceRegistry [main] Registering application SERVICE-REGISTRY with eureka with status UP
2022-06-27 12:26:52,984 INFO org.springframework.cloud.netflix.eureka.server.EurekaServerBootstrap [Thread-10] Setting the eureka configuration..
2022-06-27 12:26:52,985 INFO org.apache.juli.logging.DirectJDKLog [main] Starting ProtocolHandler ["http-nio-8761"]
2022-06-27 12:26:53,005 INFO org.springframework.cloud.netflix.eureka.server.EurekaServerBootstrap [Thread-10] isAws returned false
2022-06-27 12:26:53,006 INFO org.springframework.cloud.netflix.eureka.server.EurekaServerBootstrap [Thread-10] Initialized server context
2022-06-27 12:26:53,006 INFO com.netflix.eureka.registry.PeerAwareInstanceRegistryImpl [Thread-10] Got 1 instances from neighboring DS node
2022-06-27 12:26:53,007 INFO com.netflix.eureka.registry.PeerAwareInstanceRegistryImpl [Thread-10] Renew threshold is: 1
2022-06-27 12:26:53,007 INFO com.netflix.eureka.registry.PeerAwareInstanceRegistryImpl [Thread-10] Changing status to UP
2022-06-27 12:26:53,032 INFO org.springframework.boot.web.embedded.tomcat.TomcatWebServer [main] Tomcat started on port(s): 8761 (http) with context path ''
2022-06-27 12:26:53,033 INFO org.springframework.cloud.netflix.eureka.serviceregistry.EurekaAutoServiceRegistration [main] Updating port to 8761
2022-06-27 12:26:53,119 INFO org.springframework.boot.StartupInfoLogger [main] Started EurekaApplication in 9.683 seconds (JVM running for 10.865)
2022-06-27 12:26:53,127 INFO org.springframework.cloud.netflix.eureka.server.EurekaServerInitializerConfiguration [Thread-10] Started Eureka Server
2022-06-27 12:26:53,397 INFO org.apache.juli.logging.DirectJDKLog [RMI TCP Connection(1)-127.0.0.1] Initializing Spring DispatcherServlet 'dispatcherServlet'
2022-06-27 12:26:53,398 INFO org.springframework.web.servlet.FrameworkServlet [RMI TCP Connection(1)-127.0.0.1] Initializing Servlet 'dispatcherServlet'
2022-06-27 12:26:53,403 INFO org.springframework.web.servlet.FrameworkServlet [RMI TCP Connection(1)-127.0.0.1] Completed initialization in 5 ms
2022-06-27 12:27:10,813 INFO com.netflix.eureka.registry.AbstractInstanceRegistry [http-nio-8761-exec-1] Registered instance API-GATEWAY/192.168.0.5:api-gateway:8087 with status DOWN (replication=false)
2022-06-27 12:27:11,538 INFO com.netflix.eureka.registry.AbstractInstanceRegistry [http-nio-8761-exec-2] Registered instance API-GATEWAY/192.168.0.5:api-gateway:8087 with status DOWN (replication=true)
2022-06-27 12:27:11,861 WARN zipkin2.reporter.AsyncReporter$BoundedAsyncReporter [AsyncReporter{RestTemplateSender{http://localhost:9411/api/v2/spans}}] Spans were dropped due to exceptions. All subsequent errors will be logged at FINE level.
2022-06-27 12:27:11,865 WARN zipkin2.reporter.AsyncReporter$BoundedAsyncReporter [AsyncReporter{RestTemplateSender{http://localhost:9411/api/v2/spans}}] Dropped 2 spans due to ResourceAccessException(I/O error on POST request for "http://localhost:9411/api/v2/spans": Connection refused; nested exception is java.net.ConnectException: Connection refused)
org.springframework.web.client.ResourceAccessException: I/O error on POST request for "http://localhost:9411/api/v2/spans": Connection refused; nested exception is java.net.ConnectException: Connection refused
	at org.springframework.web.client.RestTemplate.doExecute(RestTemplate.java:785)
	at org.springframework.cloud.sleuth.zipkin2.ZipkinRestTemplateWrapper.doExecute(ZipkinRestTemplateWrapper.java:69)
	at org.springframework.web.client.RestTemplate.exchange(RestTemplate.java:660)
	at org.springframework.cloud.sleuth.zipkin2.RestTemplateSender.post(RestTemplateSender.java:151)
	at org.springframework.cloud.sleuth.zipkin2.RestTemplateSender$HttpPostCall.doExecute(RestTemplateSender.java:169)
	at org.springframework.cloud.sleuth.zipkin2.RestTemplateSender$HttpPostCall.doExecute(RestTemplateSender.java:159)
	at zipkin2.Call$Base.execute(Call.java:391)
	at zipkin2.reporter.AsyncReporter$BoundedAsyncReporter.flush(AsyncReporter.java:299)
	at zipkin2.reporter.AsyncReporter$Flusher.run(AsyncReporter.java:378)
	at java.base/java.lang.Thread.run(Thread.java:833)
Caused by: java.net.ConnectException: Connection refused
	at java.base/sun.nio.ch.Net.pollConnect(Native Method)
	at java.base/sun.nio.ch.Net.pollConnectNow(Net.java:672)
	at java.base/sun.nio.ch.NioSocketImpl.timedFinishConnect(NioSocketImpl.java:549)
	at java.base/sun.nio.ch.NioSocketImpl.connect(NioSocketImpl.java:597)
	at java.base/java.net.Socket.connect(Socket.java:633)
	at java.base/sun.net.NetworkClient.doConnect(NetworkClient.java:178)
	at java.base/sun.net.www.http.HttpClient.openServer(HttpClient.java:498)
	at java.base/sun.net.www.http.HttpClient.openServer(HttpClient.java:603)
	at java.base/sun.net.www.http.HttpClient.<init>(HttpClient.java:246)
	at java.base/sun.net.www.http.HttpClient.New(HttpClient.java:351)
	at java.base/sun.net.www.http.HttpClient.New(HttpClient.java:373)
	at java.base/sun.net.www.protocol.http.HttpURLConnection.getNewHttpClient(HttpURLConnection.java:1309)
	at java.base/sun.net.www.protocol.http.HttpURLConnection.plainConnect0(HttpURLConnection.java:1242)
	at java.base/sun.net.www.protocol.http.HttpURLConnection.plainConnect(HttpURLConnection.java:1128)
	at java.base/sun.net.www.protocol.http.HttpURLConnection.connect(HttpURLConnection.java:1057)
	at org.springframework.http.client.SimpleBufferingClientHttpRequest.executeInternal(SimpleBufferingClientHttpRequest.java:76)
	at org.springframework.http.client.AbstractBufferingClientHttpRequest.executeInternal(AbstractBufferingClientHttpRequest.java:48)
	at org.springframework.http.client.AbstractClientHttpRequest.execute(AbstractClientHttpRequest.java:66)
	at org.springframework.web.client.RestTemplate.doExecute(RestTemplate.java:776)
	... 9 common frames omitted
2022-06-27 12:27:12,451 INFO org.springframework.cloud.sleuth.autoconfig.zipkin2.ZipkinAutoConfiguration$2 [Thread-2] Flushing remaining spans on shutdown
2022-06-27 12:27:12,458 INFO org.springframework.cloud.netflix.eureka.serviceregistry.EurekaServiceRegistry [SpringApplicationShutdownHook] Unregistering application SERVICE-REGISTRY with eureka with status DOWN
2022-06-27 12:27:12,520 INFO org.springframework.cloud.netflix.eureka.server.EurekaServerBootstrap [SpringApplicationShutdownHook] Shutting down Eureka Server..
2022-06-27 12:27:12,757 INFO com.netflix.eureka.DefaultEurekaServerContext [SpringApplicationShutdownHook] Shutting down ...
2022-06-27 12:27:13,701 INFO com.netflix.eureka.DefaultEurekaServerContext [SpringApplicationShutdownHook] Shut down
2022-06-27 12:27:13,701 INFO org.springframework.cloud.netflix.eureka.server.EurekaServerBootstrap [SpringApplicationShutdownHook] Eureka Service is now shutdown...
2022-06-27 12:27:13,703 INFO com.netflix.eureka.DefaultEurekaServerContext [SpringApplicationShutdownHook] Shutting down ...
2022-06-27 12:27:13,990 INFO com.netflix.eureka.DefaultEurekaServerContext [SpringApplicationShutdownHook] Shut down
2022-06-27 12:27:14,262 INFO com.netflix.discovery.DiscoveryClient [SpringApplicationShutdownHook] Shutting down DiscoveryClient ...
2022-06-27 12:27:14,299 INFO com.netflix.discovery.DiscoveryClient [SpringApplicationShutdownHook] Completed shut down of DiscoveryClient
2022-06-27 12:46:21,718 INFO org.springframework.boot.StartupInfoLogger [main] Starting EurekaApplication using Java 17.0.1 on MacBook-Air-de-Carlos.local with PID 34917 (/Users/cbgomes/IdeaProjects/supermarket/supermarket-acme/service-registry/target/classes started by cbgomes in /Users/cbgomes/IdeaProjects/supermarket/supermarket-acme)
2022-06-27 12:46:21,721 DEBUG org.springframework.boot.StartupInfoLogger [main] Running with Spring Boot v2.6.0, Spring v5.3.13
2022-06-27 12:46:21,722 INFO org.springframework.boot.SpringApplication [main] No active profile set, falling back to default profiles: default
2022-06-27 12:46:22,934 INFO org.springframework.cloud.context.scope.GenericScope [main] BeanFactory id=57f136dd-1a6f-3925-aa8d-db41bda2a078
2022-06-27 12:46:23,663 WARN org.springframework.cloud.sleuth.autoconfig.zipkin2.ZipkinAutoConfiguration [main] Check result of the [RestTemplateSender{http://localhost:9411/api/v2/spans}] contains an error [CheckResult{ok=false, error=org.springframework.web.client.ResourceAccessException: I/O error on POST request for "http://localhost:9411/api/v2/spans": Connection refused; nested exception is java.net.ConnectException: Connection refused}]
2022-06-27 12:46:24,216 INFO org.springframework.boot.web.embedded.tomcat.TomcatWebServer [main] Tomcat initialized with port(s): 8761 (http)
2022-06-27 12:46:24,225 INFO org.apache.juli.logging.DirectJDKLog [main] Initializing ProtocolHandler ["http-nio-8761"]
2022-06-27 12:46:24,225 INFO org.apache.juli.logging.DirectJDKLog [main] Starting service [Tomcat]
2022-06-27 12:46:24,226 INFO org.apache.juli.logging.DirectJDKLog [main] Starting Servlet engine: [Apache Tomcat/9.0.55]
2022-06-27 12:46:24,314 INFO org.apache.juli.logging.DirectJDKLog [main] Initializing Spring embedded WebApplicationContext
2022-06-27 12:46:24,314 INFO org.springframework.boot.web.servlet.context.ServletWebServerApplicationContext [main] Root WebApplicationContext: initialization completed in 2534 ms
2022-06-27 12:46:24,507 INFO com.sun.jersey.server.impl.application.WebApplicationImpl [main] Initiating Jersey application, version 'Jersey: 1.19.4 05/24/2017 03:20 PM'
2022-06-27 12:46:24,550 INFO com.netflix.discovery.provider.DiscoveryJerseyProvider [main] Using JSON encoding codec LegacyJacksonJson
2022-06-27 12:46:24,552 INFO com.netflix.discovery.provider.DiscoveryJerseyProvider [main] Using JSON decoding codec LegacyJacksonJson
2022-06-27 12:46:24,671 INFO com.netflix.discovery.provider.DiscoveryJerseyProvider [main] Using XML encoding codec XStreamXml
2022-06-27 12:46:24,672 INFO com.netflix.discovery.provider.DiscoveryJerseyProvider [main] Using XML decoding codec XStreamXml
2022-06-27 12:46:26,353 INFO org.springframework.cloud.netflix.eureka.config.DiscoveryClientOptionalArgsConfiguration [main] Eureka HTTP Client uses Jersey
2022-06-27 12:46:26,504 WARN org.springframework.cloud.loadbalancer.config.LoadBalancerCacheAutoConfiguration$LoadBalancerCaffeineWarnLogger [main] Spring Cloud LoadBalancer is currently working with the default cache. You can switch to using Caffeine cache, by adding it and org.springframework.cache.caffeine.CaffeineCacheManager to the classpath.
2022-06-27 12:46:26,520 INFO org.springframework.cloud.netflix.eureka.InstanceInfoFactory [main] Setting initial instance status as: STARTING
2022-06-27 12:46:26,554 INFO com.netflix.discovery.DiscoveryClient [main] Initializing Eureka in region us-east-1
2022-06-27 12:46:26,554 INFO com.netflix.discovery.DiscoveryClient [main] Client configured to neither register nor query for data.
2022-06-27 12:46:26,561 INFO com.netflix.discovery.DiscoveryClient [main] Discovery Client initialized at timestamp 1656344786561 with initial instances count: 0
2022-06-27 12:46:26,609 INFO com.netflix.eureka.DefaultEurekaServerContext [main] Initializing ...
2022-06-27 12:46:26,611 INFO com.netflix.eureka.cluster.PeerEurekaNodes [main] Adding new peer nodes [http://localhost:8761/eureka/]
2022-06-27 12:46:26,782 INFO com.netflix.discovery.provider.DiscoveryJerseyProvider [main] Using JSON encoding codec LegacyJacksonJson
2022-06-27 12:46:26,782 INFO com.netflix.discovery.provider.DiscoveryJerseyProvider [main] Using JSON decoding codec LegacyJacksonJson
2022-06-27 12:46:26,782 INFO com.netflix.discovery.provider.DiscoveryJerseyProvider [main] Using XML encoding codec XStreamXml
2022-06-27 12:46:26,782 INFO com.netflix.discovery.provider.DiscoveryJerseyProvider [main] Using XML decoding codec XStreamXml
2022-06-27 12:46:26,907 INFO com.netflix.eureka.cluster.PeerEurekaNodes [main] Replica node URL:  http://localhost:8761/eureka/
2022-06-27 12:46:26,929 INFO com.netflix.eureka.registry.AbstractInstanceRegistry [main] Finished initializing remote region registries. All known remote regions: []
2022-06-27 12:46:26,935 INFO com.netflix.eureka.DefaultEurekaServerContext [main] Initialized
2022-06-27 12:46:26,979 INFO org.springframework.boot.actuate.endpoint.web.EndpointLinksResolver [main] Exposing 1 endpoint(s) beneath base path '/actuator'
2022-06-27 12:46:27,055 INFO org.springframework.cloud.netflix.eureka.serviceregistry.EurekaServiceRegistry [main] Registering application SERVICE-REGISTRY with eureka with status UP
2022-06-27 12:46:27,059 INFO org.springframework.cloud.netflix.eureka.server.EurekaServerBootstrap [Thread-10] Setting the eureka configuration..
2022-06-27 12:46:27,059 INFO org.apache.juli.logging.DirectJDKLog [main] Starting ProtocolHandler ["http-nio-8761"]
2022-06-27 12:46:27,070 INFO org.springframework.cloud.netflix.eureka.server.EurekaServerBootstrap [Thread-10] isAws returned false
2022-06-27 12:46:27,071 INFO org.springframework.cloud.netflix.eureka.server.EurekaServerBootstrap [Thread-10] Initialized server context
2022-06-27 12:46:27,071 INFO com.netflix.eureka.registry.PeerAwareInstanceRegistryImpl [Thread-10] Got 1 instances from neighboring DS node
2022-06-27 12:46:27,071 INFO com.netflix.eureka.registry.PeerAwareInstanceRegistryImpl [Thread-10] Renew threshold is: 1
2022-06-27 12:46:27,071 INFO com.netflix.eureka.registry.PeerAwareInstanceRegistryImpl [Thread-10] Changing status to UP
2022-06-27 12:46:27,075 INFO org.springframework.boot.web.embedded.tomcat.TomcatWebServer [main] Tomcat started on port(s): 8761 (http) with context path ''
2022-06-27 12:46:27,076 INFO org.springframework.cloud.netflix.eureka.serviceregistry.EurekaAutoServiceRegistration [main] Updating port to 8761
2022-06-27 12:46:27,109 INFO org.springframework.cloud.netflix.eureka.server.EurekaServerInitializerConfiguration [Thread-10] Started Eureka Server
2022-06-27 12:46:27,111 INFO org.springframework.boot.StartupInfoLogger [main] Started EurekaApplication in 6.037 seconds (JVM running for 7.048)
2022-06-27 12:46:27,396 INFO org.apache.juli.logging.DirectJDKLog [RMI TCP Connection(3)-127.0.0.1] Initializing Spring DispatcherServlet 'dispatcherServlet'
2022-06-27 12:46:27,397 INFO org.springframework.web.servlet.FrameworkServlet [RMI TCP Connection(3)-127.0.0.1] Initializing Servlet 'dispatcherServlet'
2022-06-27 12:46:27,399 INFO org.springframework.web.servlet.FrameworkServlet [RMI TCP Connection(3)-127.0.0.1] Completed initialization in 2 ms
2022-06-27 12:46:40,372 INFO com.netflix.eureka.registry.AbstractInstanceRegistry [http-nio-8761-exec-2] Registered instance API-GATEWAY/192.168.0.5:api-gateway:8087 with status UP (replication=false)
2022-06-27 12:46:40,942 INFO com.netflix.eureka.registry.AbstractInstanceRegistry [http-nio-8761-exec-3] Registered instance API-GATEWAY/192.168.0.5:api-gateway:8087 with status UP (replication=true)
2022-06-27 12:46:41,188 WARN zipkin2.reporter.AsyncReporter$BoundedAsyncReporter [AsyncReporter{RestTemplateSender{http://localhost:9411/api/v2/spans}}] Spans were dropped due to exceptions. All subsequent errors will be logged at FINE level.
2022-06-27 12:46:41,192 WARN zipkin2.reporter.AsyncReporter$BoundedAsyncReporter [AsyncReporter{RestTemplateSender{http://localhost:9411/api/v2/spans}}] Dropped 3 spans due to ResourceAccessException(I/O error on POST request for "http://localhost:9411/api/v2/spans": Connection refused; nested exception is java.net.ConnectException: Connection refused)
org.springframework.web.client.ResourceAccessException: I/O error on POST request for "http://localhost:9411/api/v2/spans": Connection refused; nested exception is java.net.ConnectException: Connection refused
	at org.springframework.web.client.RestTemplate.doExecute(RestTemplate.java:785)
	at org.springframework.cloud.sleuth.zipkin2.ZipkinRestTemplateWrapper.doExecute(ZipkinRestTemplateWrapper.java:69)
	at org.springframework.web.client.RestTemplate.exchange(RestTemplate.java:660)
	at org.springframework.cloud.sleuth.zipkin2.RestTemplateSender.post(RestTemplateSender.java:151)
	at org.springframework.cloud.sleuth.zipkin2.RestTemplateSender$HttpPostCall.doExecute(RestTemplateSender.java:169)
	at org.springframework.cloud.sleuth.zipkin2.RestTemplateSender$HttpPostCall.doExecute(RestTemplateSender.java:159)
	at zipkin2.Call$Base.execute(Call.java:391)
	at zipkin2.reporter.AsyncReporter$BoundedAsyncReporter.flush(AsyncReporter.java:299)
	at zipkin2.reporter.AsyncReporter$Flusher.run(AsyncReporter.java:378)
	at java.base/java.lang.Thread.run(Thread.java:833)
Caused by: java.net.ConnectException: Connection refused
	at java.base/sun.nio.ch.Net.pollConnect(Native Method)
	at java.base/sun.nio.ch.Net.pollConnectNow(Net.java:672)
	at java.base/sun.nio.ch.NioSocketImpl.timedFinishConnect(NioSocketImpl.java:549)
	at java.base/sun.nio.ch.NioSocketImpl.connect(NioSocketImpl.java:597)
	at java.base/java.net.Socket.connect(Socket.java:633)
	at java.base/sun.net.NetworkClient.doConnect(NetworkClient.java:178)
	at java.base/sun.net.www.http.HttpClient.openServer(HttpClient.java:498)
	at java.base/sun.net.www.http.HttpClient.openServer(HttpClient.java:603)
	at java.base/sun.net.www.http.HttpClient.<init>(HttpClient.java:246)
	at java.base/sun.net.www.http.HttpClient.New(HttpClient.java:351)
	at java.base/sun.net.www.http.HttpClient.New(HttpClient.java:373)
	at java.base/sun.net.www.protocol.http.HttpURLConnection.getNewHttpClient(HttpURLConnection.java:1309)
	at java.base/sun.net.www.protocol.http.HttpURLConnection.plainConnect0(HttpURLConnection.java:1242)
	at java.base/sun.net.www.protocol.http.HttpURLConnection.plainConnect(HttpURLConnection.java:1128)
	at java.base/sun.net.www.protocol.http.HttpURLConnection.connect(HttpURLConnection.java:1057)
	at org.springframework.http.client.SimpleBufferingClientHttpRequest.executeInternal(SimpleBufferingClientHttpRequest.java:76)
	at org.springframework.http.client.AbstractBufferingClientHttpRequest.executeInternal(AbstractBufferingClientHttpRequest.java:48)
	at org.springframework.http.client.AbstractClientHttpRequest.execute(AbstractClientHttpRequest.java:66)
	at org.springframework.web.client.RestTemplate.doExecute(RestTemplate.java:776)
	... 9 common frames omitted
2022-06-27 12:47:27,078 INFO com.netflix.eureka.registry.AbstractInstanceRegistry$EvictionTask [Eureka-EvictionTimer] Running the evict task with compensationTime 0ms
2022-06-27 12:48:18,587 INFO com.netflix.eureka.registry.AbstractInstanceRegistry [http-nio-8761-exec-4] Registered instance MICROSERVICE-FRAUD/192.168.0.5:microservice-fraud:8082 with status UP (replication=false)
2022-06-27 12:48:19,109 INFO com.netflix.eureka.registry.AbstractInstanceRegistry [http-nio-8761-exec-5] Registered instance MICROSERVICE-FRAUD/192.168.0.5:microservice-fraud:8082 with status UP (replication=true)
2022-06-27 12:48:27,082 INFO com.netflix.eureka.registry.AbstractInstanceRegistry$EvictionTask [Eureka-EvictionTimer] Running the evict task with compensationTime 2ms
2022-06-27 12:49:27,084 INFO com.netflix.eureka.registry.AbstractInstanceRegistry$EvictionTask [Eureka-EvictionTimer] Running the evict task with compensationTime 1ms
2022-06-27 12:50:27,086 INFO com.netflix.eureka.registry.AbstractInstanceRegistry$EvictionTask [Eureka-EvictionTimer] Running the evict task with compensationTime 0ms
2022-06-27 12:50:50,581 INFO com.netflix.eureka.registry.AbstractInstanceRegistry [http-nio-8761-exec-6] Registered instance MICROSERVICE-FRAUD/192.168.0.5:microservice-fraud:8082 with status DOWN (replication=false)
2022-06-27 12:50:51,096 INFO com.netflix.eureka.registry.AbstractInstanceRegistry [http-nio-8761-exec-8] Registered instance MICROSERVICE-FRAUD/192.168.0.5:microservice-fraud:8082 with status DOWN (replication=true)
2022-06-27 12:50:54,770 INFO com.netflix.eureka.registry.AbstractInstanceRegistry [http-nio-8761-exec-7] Cancelled instance MICROSERVICE-FRAUD/192.168.0.5:microservice-fraud:8082 (replication=false)
2022-06-27 12:50:55,279 WARN com.netflix.eureka.registry.AbstractInstanceRegistry [http-nio-8761-exec-10] DS: Registry: cancel failed because Lease is not registered for: MICROSERVICE-FRAUD/192.168.0.5:microservice-fraud:8082
2022-06-27 12:50:55,279 INFO com.netflix.eureka.resources.InstanceResource [http-nio-8761-exec-10] Not Found (Cancel): MICROSERVICE-FRAUD - 192.168.0.5:microservice-fraud:8082
2022-06-27 12:50:55,281 WARN com.netflix.eureka.cluster.ReplicationTask [TaskBatchingWorker-target_localhost-17] The replication of task MICROSERVICE-FRAUD/192.168.0.5:microservice-fraud:8082:Cancel@localhost failed with response code 404
2022-06-27 12:50:55,281 WARN com.netflix.eureka.cluster.PeerEurekaNode$2 [TaskBatchingWorker-target_localhost-17] MICROSERVICE-FRAUD/192.168.0.5:microservice-fraud:8082:Cancel@localhost: missing entry.
2022-06-27 12:51:13,535 INFO com.netflix.eureka.registry.AbstractInstanceRegistry [http-nio-8761-exec-6] Registered instance MICROSERVICE-FRAUD/192.168.0.5:microservice-fraud:8082 with status UP (replication=false)
2022-06-27 12:51:14,050 INFO com.netflix.eureka.registry.AbstractInstanceRegistry [http-nio-8761-exec-8] Registered instance MICROSERVICE-FRAUD/192.168.0.5:microservice-fraud:8082 with status UP (replication=true)
2022-06-27 12:51:18,230 INFO com.netflix.eureka.registry.AbstractInstanceRegistry [http-nio-8761-exec-7] Registered instance MICROSERVICE-FRAUD/192.168.0.5:microservice-fraud:8082 with status DOWN (replication=false)
2022-06-27 12:51:18,740 INFO com.netflix.eureka.registry.AbstractInstanceRegistry [http-nio-8761-exec-1] Registered instance MICROSERVICE-FRAUD/192.168.0.5:microservice-fraud:8082 with status DOWN (replication=true)
2022-06-27 12:51:22,409 INFO com.netflix.eureka.registry.AbstractInstanceRegistry [http-nio-8761-exec-9] Cancelled instance MICROSERVICE-FRAUD/192.168.0.5:microservice-fraud:8082 (replication=false)
2022-06-27 12:51:22,923 WARN com.netflix.eureka.registry.AbstractInstanceRegistry [http-nio-8761-exec-4] DS: Registry: cancel failed because Lease is not registered for: MICROSERVICE-FRAUD/192.168.0.5:microservice-fraud:8082
2022-06-27 12:51:22,924 INFO com.netflix.eureka.resources.InstanceResource [http-nio-8761-exec-4] Not Found (Cancel): MICROSERVICE-FRAUD - 192.168.0.5:microservice-fraud:8082
2022-06-27 12:51:22,925 WARN com.netflix.eureka.cluster.ReplicationTask [TaskBatchingWorker-target_localhost-16] The replication of task MICROSERVICE-FRAUD/192.168.0.5:microservice-fraud:8082:Cancel@localhost failed with response code 404
2022-06-27 12:51:22,925 WARN com.netflix.eureka.cluster.PeerEurekaNode$2 [TaskBatchingWorker-target_localhost-16] MICROSERVICE-FRAUD/192.168.0.5:microservice-fraud:8082:Cancel@localhost: missing entry.
2022-06-27 12:51:27,090 INFO com.netflix.eureka.registry.AbstractInstanceRegistry$EvictionTask [Eureka-EvictionTimer] Running the evict task with compensationTime 2ms
2022-06-27 12:51:39,611 INFO com.netflix.eureka.registry.AbstractInstanceRegistry [http-nio-8761-exec-5] Registered instance MICROSERVICE-FRAUD/192.168.0.5:microservice-fraud:8082 with status UP (replication=false)
2022-06-27 12:51:40,121 INFO com.netflix.eureka.registry.AbstractInstanceRegistry [http-nio-8761-exec-6] Registered instance MICROSERVICE-FRAUD/192.168.0.5:microservice-fraud:8082 with status UP (replication=true)
2022-06-27 12:52:27,095 INFO com.netflix.eureka.registry.AbstractInstanceRegistry$EvictionTask [Eureka-EvictionTimer] Running the evict task with compensationTime 3ms
2022-06-27 12:53:27,099 INFO com.netflix.eureka.registry.AbstractInstanceRegistry$EvictionTask [Eureka-EvictionTimer] Running the evict task with compensationTime 3ms
2022-06-27 12:54:27,102 INFO com.netflix.eureka.registry.AbstractInstanceRegistry$EvictionTask [Eureka-EvictionTimer] Running the evict task with compensationTime 1ms
2022-06-27 12:55:27,105 INFO com.netflix.eureka.registry.AbstractInstanceRegistry$EvictionTask [Eureka-EvictionTimer] Running the evict task with compensationTime 1ms
2022-06-27 12:55:34,161 INFO com.netflix.eureka.registry.AbstractInstanceRegistry [http-nio-8761-exec-2] Registered instance MICROSERVICE-FRAUD/192.168.0.5:microservice-fraud:8082 with status DOWN (replication=false)
2022-06-27 12:55:34,668 INFO com.netflix.eureka.registry.AbstractInstanceRegistry [http-nio-8761-exec-4] Registered instance MICROSERVICE-FRAUD/192.168.0.5:microservice-fraud:8082 with status DOWN (replication=true)
2022-06-27 12:55:38,352 INFO com.netflix.eureka.registry.AbstractInstanceRegistry [http-nio-8761-exec-5] Cancelled instance MICROSERVICE-FRAUD/192.168.0.5:microservice-fraud:8082 (replication=false)
2022-06-27 12:55:38,865 WARN com.netflix.eureka.registry.AbstractInstanceRegistry [http-nio-8761-exec-8] DS: Registry: cancel failed because Lease is not registered for: MICROSERVICE-FRAUD/192.168.0.5:microservice-fraud:8082
2022-06-27 12:55:38,866 INFO com.netflix.eureka.resources.InstanceResource [http-nio-8761-exec-8] Not Found (Cancel): MICROSERVICE-FRAUD - 192.168.0.5:microservice-fraud:8082
2022-06-27 12:55:38,867 WARN com.netflix.eureka.cluster.ReplicationTask [TaskBatchingWorker-target_localhost-11] The replication of task MICROSERVICE-FRAUD/192.168.0.5:microservice-fraud:8082:Cancel@localhost failed with response code 404
2022-06-27 12:55:38,867 WARN com.netflix.eureka.cluster.PeerEurekaNode$2 [TaskBatchingWorker-target_localhost-11] MICROSERVICE-FRAUD/192.168.0.5:microservice-fraud:8082:Cancel@localhost: missing entry.
2022-06-27 12:55:52,039 INFO com.netflix.eureka.registry.AbstractInstanceRegistry [http-nio-8761-exec-2] Registered instance MICROSERVICE-FRAUD/192.168.0.5:microservice-fraud:8082 with status UP (replication=false)
2022-06-27 12:55:52,551 INFO com.netflix.eureka.registry.AbstractInstanceRegistry [http-nio-8761-exec-4] Registered instance MICROSERVICE-FRAUD/192.168.0.5:microservice-fraud:8082 with status UP (replication=true)
2022-06-27 12:56:27,110 INFO com.netflix.eureka.registry.AbstractInstanceRegistry$EvictionTask [Eureka-EvictionTimer] Running the evict task with compensationTime 3ms
2022-06-27 12:57:27,115 INFO com.netflix.eureka.registry.AbstractInstanceRegistry$EvictionTask [Eureka-EvictionTimer] Running the evict task with compensationTime 4ms
2022-06-27 12:58:27,119 INFO com.netflix.eureka.registry.AbstractInstanceRegistry$EvictionTask [Eureka-EvictionTimer] Running the evict task with compensationTime 3ms
2022-06-27 12:59:27,121 INFO com.netflix.eureka.registry.AbstractInstanceRegistry$EvictionTask [Eureka-EvictionTimer] Running the evict task with compensationTime 0ms
2022-06-27 12:59:46,634 INFO org.springframework.cloud.sleuth.autoconfig.zipkin2.ZipkinAutoConfiguration$2 [Thread-2] Flushing remaining spans on shutdown
2022-06-27 12:59:46,643 INFO org.springframework.cloud.netflix.eureka.serviceregistry.EurekaServiceRegistry [SpringApplicationShutdownHook] Unregistering application SERVICE-REGISTRY with eureka with status DOWN
2022-06-27 12:59:46,689 INFO org.springframework.cloud.netflix.eureka.server.EurekaServerBootstrap [SpringApplicationShutdownHook] Shutting down Eureka Server..
2022-06-27 12:59:46,742 INFO com.netflix.eureka.DefaultEurekaServerContext [SpringApplicationShutdownHook] Shutting down ...
2022-06-27 12:59:46,957 INFO com.netflix.eureka.DefaultEurekaServerContext [SpringApplicationShutdownHook] Shut down
2022-06-27 12:59:46,957 INFO org.springframework.cloud.netflix.eureka.server.EurekaServerBootstrap [SpringApplicationShutdownHook] Eureka Service is now shutdown...
2022-06-27 12:59:46,960 INFO com.netflix.eureka.DefaultEurekaServerContext [SpringApplicationShutdownHook] Shutting down ...
2022-06-27 12:59:47,058 INFO com.netflix.eureka.DefaultEurekaServerContext [SpringApplicationShutdownHook] Shut down
2022-06-27 12:59:47,619 INFO com.netflix.discovery.DiscoveryClient [SpringApplicationShutdownHook] Shutting down DiscoveryClient ...
2022-06-27 12:59:47,630 INFO com.netflix.discovery.DiscoveryClient [SpringApplicationShutdownHook] Completed shut down of DiscoveryClient
2022-06-27 14:23:59,409 INFO org.springframework.boot.StartupInfoLogger [main] Starting EurekaApplication using Java 17.0.1 on MacBook-Air-de-Carlos.local with PID 6844 (/Users/cbgomes/IdeaProjects/supermarket/supermarket-acme/service-registry/target/classes started by cbgomes in /Users/cbgomes/IdeaProjects/supermarket/supermarket-acme)
2022-06-27 14:23:59,412 DEBUG org.springframework.boot.StartupInfoLogger [main] Running with Spring Boot v2.6.0, Spring v5.3.13
2022-06-27 14:23:59,413 INFO org.springframework.boot.SpringApplication [main] No active profile set, falling back to default profiles: default
2022-06-27 14:24:01,034 INFO org.springframework.cloud.context.scope.GenericScope [main] BeanFactory id=57f136dd-1a6f-3925-aa8d-db41bda2a078
2022-06-27 14:24:03,414 INFO org.springframework.boot.web.embedded.tomcat.TomcatWebServer [main] Tomcat initialized with port(s): 8761 (http)
2022-06-27 14:24:03,429 INFO org.apache.juli.logging.DirectJDKLog [main] Initializing ProtocolHandler ["http-nio-8761"]
2022-06-27 14:24:03,430 INFO org.apache.juli.logging.DirectJDKLog [main] Starting service [Tomcat]
2022-06-27 14:24:03,431 INFO org.apache.juli.logging.DirectJDKLog [main] Starting Servlet engine: [Apache Tomcat/9.0.55]
2022-06-27 14:24:03,723 INFO org.apache.juli.logging.DirectJDKLog [main] Initializing Spring embedded WebApplicationContext
2022-06-27 14:24:03,724 INFO org.springframework.boot.web.servlet.context.ServletWebServerApplicationContext [main] Root WebApplicationContext: initialization completed in 4250 ms
2022-06-27 14:24:04,258 INFO com.sun.jersey.server.impl.application.WebApplicationImpl [main] Initiating Jersey application, version 'Jersey: 1.19.4 05/24/2017 03:20 PM'
2022-06-27 14:24:04,385 INFO com.netflix.discovery.provider.DiscoveryJerseyProvider [main] Using JSON encoding codec LegacyJacksonJson
2022-06-27 14:24:04,389 INFO com.netflix.discovery.provider.DiscoveryJerseyProvider [main] Using JSON decoding codec LegacyJacksonJson
2022-06-27 14:24:04,654 INFO com.netflix.discovery.provider.DiscoveryJerseyProvider [main] Using XML encoding codec XStreamXml
2022-06-27 14:24:04,655 INFO com.netflix.discovery.provider.DiscoveryJerseyProvider [main] Using XML decoding codec XStreamXml
2022-06-27 14:24:09,267 INFO org.springframework.cloud.netflix.eureka.config.DiscoveryClientOptionalArgsConfiguration [main] Eureka HTTP Client uses Jersey
2022-06-27 14:24:09,485 WARN org.springframework.cloud.loadbalancer.config.LoadBalancerCacheAutoConfiguration$LoadBalancerCaffeineWarnLogger [main] Spring Cloud LoadBalancer is currently working with the default cache. You can switch to using Caffeine cache, by adding it and org.springframework.cache.caffeine.CaffeineCacheManager to the classpath.
2022-06-27 14:24:09,519 INFO org.springframework.cloud.netflix.eureka.InstanceInfoFactory [main] Setting initial instance status as: STARTING
2022-06-27 14:24:09,575 INFO com.netflix.discovery.DiscoveryClient [main] Initializing Eureka in region us-east-1
2022-06-27 14:24:09,576 INFO com.netflix.discovery.DiscoveryClient [main] Client configured to neither register nor query for data.
2022-06-27 14:24:09,590 INFO com.netflix.discovery.DiscoveryClient [main] Discovery Client initialized at timestamp 1656350649587 with initial instances count: 0
2022-06-27 14:24:09,665 INFO com.netflix.eureka.DefaultEurekaServerContext [main] Initializing ...
2022-06-27 14:24:09,667 INFO com.netflix.eureka.cluster.PeerEurekaNodes [main] Adding new peer nodes [http://localhost:8761/eureka/]
2022-06-27 14:24:10,179 INFO com.netflix.discovery.provider.DiscoveryJerseyProvider [main] Using JSON encoding codec LegacyJacksonJson
2022-06-27 14:24:10,180 INFO com.netflix.discovery.provider.DiscoveryJerseyProvider [main] Using JSON decoding codec LegacyJacksonJson
2022-06-27 14:24:10,180 INFO com.netflix.discovery.provider.DiscoveryJerseyProvider [main] Using XML encoding codec XStreamXml
2022-06-27 14:24:10,181 INFO com.netflix.discovery.provider.DiscoveryJerseyProvider [main] Using XML decoding codec XStreamXml
2022-06-27 14:24:10,679 INFO com.netflix.eureka.cluster.PeerEurekaNodes [main] Replica node URL:  http://localhost:8761/eureka/
2022-06-27 14:24:10,766 INFO com.netflix.eureka.registry.AbstractInstanceRegistry [main] Finished initializing remote region registries. All known remote regions: []
2022-06-27 14:24:10,783 INFO com.netflix.eureka.DefaultEurekaServerContext [main] Initialized
2022-06-27 14:24:10,971 INFO org.springframework.boot.actuate.endpoint.web.EndpointLinksResolver [main] Exposing 1 endpoint(s) beneath base path '/actuator'
2022-06-27 14:24:11,173 INFO org.springframework.cloud.netflix.eureka.serviceregistry.EurekaServiceRegistry [main] Registering application SERVICE-REGISTRY with eureka with status UP
2022-06-27 14:24:11,184 INFO org.springframework.cloud.netflix.eureka.server.EurekaServerBootstrap [Thread-10] Setting the eureka configuration..
2022-06-27 14:24:11,186 INFO org.apache.juli.logging.DirectJDKLog [main] Starting ProtocolHandler ["http-nio-8761"]
2022-06-27 14:24:11,204 INFO org.springframework.cloud.netflix.eureka.server.EurekaServerBootstrap [Thread-10] isAws returned false
2022-06-27 14:24:11,205 INFO org.springframework.cloud.netflix.eureka.server.EurekaServerBootstrap [Thread-10] Initialized server context
2022-06-27 14:24:11,206 INFO com.netflix.eureka.registry.PeerAwareInstanceRegistryImpl [Thread-10] Got 1 instances from neighboring DS node
2022-06-27 14:24:11,206 INFO com.netflix.eureka.registry.PeerAwareInstanceRegistryImpl [Thread-10] Renew threshold is: 1
2022-06-27 14:24:11,207 INFO com.netflix.eureka.registry.PeerAwareInstanceRegistryImpl [Thread-10] Changing status to UP
2022-06-27 14:24:11,238 INFO org.springframework.boot.web.embedded.tomcat.TomcatWebServer [main] Tomcat started on port(s): 8761 (http) with context path ''
2022-06-27 14:24:11,241 INFO org.springframework.cloud.netflix.eureka.serviceregistry.EurekaAutoServiceRegistration [main] Updating port to 8761
2022-06-27 14:24:11,335 INFO org.springframework.boot.StartupInfoLogger [main] Started EurekaApplication in 13.14 seconds (JVM running for 14.785)
2022-06-27 14:24:11,348 INFO org.springframework.cloud.netflix.eureka.server.EurekaServerInitializerConfiguration [Thread-10] Started Eureka Server
2022-06-27 14:24:11,701 INFO org.apache.juli.logging.DirectJDKLog [RMI TCP Connection(7)-127.0.0.1] Initializing Spring DispatcherServlet 'dispatcherServlet'
2022-06-27 14:24:11,701 INFO org.springframework.web.servlet.FrameworkServlet [RMI TCP Connection(7)-127.0.0.1] Initializing Servlet 'dispatcherServlet'
2022-06-27 14:24:11,706 INFO org.springframework.web.servlet.FrameworkServlet [RMI TCP Connection(7)-127.0.0.1] Completed initialization in 4 ms
2022-06-27 14:24:15,696 INFO com.netflix.eureka.registry.AbstractInstanceRegistry [http-nio-8761-exec-2] Registered instance API-GATEWAY/192.168.0.5:api-gateway:8087 with status UP (replication=false)
2022-06-27 14:24:16,320 INFO com.netflix.eureka.registry.AbstractInstanceRegistry [http-nio-8761-exec-3] Registered instance API-GATEWAY/192.168.0.5:api-gateway:8087 with status UP (replication=true)
2022-06-27 14:24:23,486 INFO com.netflix.eureka.registry.AbstractInstanceRegistry [http-nio-8761-exec-5] Registered instance MICROSERVICE-FRAUD/192.168.0.5:microservice-fraud:8082 with status UP (replication=false)
2022-06-27 14:24:24,000 INFO com.netflix.eureka.registry.AbstractInstanceRegistry [http-nio-8761-exec-6] Registered instance MICROSERVICE-FRAUD/192.168.0.5:microservice-fraud:8082 with status UP (replication=true)
2022-06-27 14:25:11,210 INFO com.netflix.eureka.registry.AbstractInstanceRegistry$EvictionTask [Eureka-EvictionTimer] Running the evict task with compensationTime 0ms
2022-06-27 14:26:11,210 INFO com.netflix.eureka.registry.AbstractInstanceRegistry$EvictionTask [Eureka-EvictionTimer] Running the evict task with compensationTime 1ms
2022-06-27 14:27:11,212 INFO com.netflix.eureka.registry.AbstractInstanceRegistry$EvictionTask [Eureka-EvictionTimer] Running the evict task with compensationTime 3ms
2022-06-27 14:28:11,214 INFO com.netflix.eureka.registry.AbstractInstanceRegistry$EvictionTask [Eureka-EvictionTimer] Running the evict task with compensationTime 3ms
2022-06-27 14:29:11,214 INFO com.netflix.eureka.registry.AbstractInstanceRegistry$EvictionTask [Eureka-EvictionTimer] Running the evict task with compensationTime 1ms
2022-06-27 14:29:44,931 INFO com.netflix.eureka.registry.AbstractInstanceRegistry [http-nio-8761-exec-1] Registered instance MICROSERVICE-FRAUD/192.168.0.5:microservice-fraud:8082 with status DOWN (replication=false)
2022-06-27 14:29:45,442 INFO com.netflix.eureka.registry.AbstractInstanceRegistry [http-nio-8761-exec-4] Registered instance MICROSERVICE-FRAUD/192.168.0.5:microservice-fraud:8082 with status DOWN (replication=true)
2022-06-27 14:29:48,447 INFO com.netflix.eureka.registry.AbstractInstanceRegistry [http-nio-8761-exec-3] Cancelled instance MICROSERVICE-FRAUD/192.168.0.5:microservice-fraud:8082 (replication=false)
2022-06-27 14:29:48,951 WARN com.netflix.eureka.registry.AbstractInstanceRegistry [http-nio-8761-exec-9] DS: Registry: cancel failed because Lease is not registered for: MICROSERVICE-FRAUD/192.168.0.5:microservice-fraud:8082
2022-06-27 14:29:48,952 INFO com.netflix.eureka.resources.InstanceResource [http-nio-8761-exec-9] Not Found (Cancel): MICROSERVICE-FRAUD - 192.168.0.5:microservice-fraud:8082
2022-06-27 14:29:48,953 WARN com.netflix.eureka.cluster.ReplicationTask [TaskBatchingWorker-target_localhost-2] The replication of task MICROSERVICE-FRAUD/192.168.0.5:microservice-fraud:8082:Cancel@localhost failed with response code 404
2022-06-27 14:29:48,953 WARN com.netflix.eureka.cluster.PeerEurekaNode$2 [TaskBatchingWorker-target_localhost-2] MICROSERVICE-FRAUD/192.168.0.5:microservice-fraud:8082:Cancel@localhost: missing entry.
2022-06-27 14:30:11,215 INFO com.netflix.eureka.registry.AbstractInstanceRegistry$EvictionTask [Eureka-EvictionTimer] Running the evict task with compensationTime 2ms
2022-06-27 14:30:27,633 INFO com.netflix.eureka.registry.AbstractInstanceRegistry [http-nio-8761-exec-7] Registered instance MICROSERVICE-FRAUD/192.168.0.5:microservice-fraud:8082 with status UP (replication=false)
2022-06-27 14:30:28,143 INFO com.netflix.eureka.registry.AbstractInstanceRegistry [http-nio-8761-exec-6] Registered instance MICROSERVICE-FRAUD/192.168.0.5:microservice-fraud:8082 with status UP (replication=true)
2022-06-27 14:31:11,219 INFO com.netflix.eureka.registry.AbstractInstanceRegistry$EvictionTask [Eureka-EvictionTimer] Running the evict task with compensationTime 4ms
2022-06-27 14:32:11,219 INFO com.netflix.eureka.registry.AbstractInstanceRegistry$EvictionTask [Eureka-EvictionTimer] Running the evict task with compensationTime 1ms
2022-06-27 14:33:11,221 INFO com.netflix.eureka.registry.AbstractInstanceRegistry$EvictionTask [Eureka-EvictionTimer] Running the evict task with compensationTime 3ms
2022-06-27 14:33:34,232 INFO com.netflix.eureka.registry.AbstractInstanceRegistry [http-nio-8761-exec-9] Registered instance MICROSERVICE-FRAUD/192.168.0.5:microservice-fraud:8082 with status DOWN (replication=false)
2022-06-27 14:33:34,739 INFO com.netflix.eureka.registry.AbstractInstanceRegistry [http-nio-8761-exec-2] Registered instance MICROSERVICE-FRAUD/192.168.0.5:microservice-fraud:8082 with status DOWN (replication=true)
2022-06-27 14:33:37,935 INFO com.netflix.eureka.registry.AbstractInstanceRegistry [http-nio-8761-exec-1] Cancelled instance MICROSERVICE-FRAUD/192.168.0.5:microservice-fraud:8082 (replication=false)
2022-06-27 14:33:38,440 WARN com.netflix.eureka.registry.AbstractInstanceRegistry [http-nio-8761-exec-5] DS: Registry: cancel failed because Lease is not registered for: MICROSERVICE-FRAUD/192.168.0.5:microservice-fraud:8082
2022-06-27 14:33:38,440 INFO com.netflix.eureka.resources.InstanceResource [http-nio-8761-exec-5] Not Found (Cancel): MICROSERVICE-FRAUD - 192.168.0.5:microservice-fraud:8082
2022-06-27 14:33:38,442 WARN com.netflix.eureka.cluster.ReplicationTask [TaskBatchingWorker-target_localhost-3] The replication of task MICROSERVICE-FRAUD/192.168.0.5:microservice-fraud:8082:Cancel@localhost failed with response code 404
2022-06-27 14:33:38,442 WARN com.netflix.eureka.cluster.PeerEurekaNode$2 [TaskBatchingWorker-target_localhost-3] MICROSERVICE-FRAUD/192.168.0.5:microservice-fraud:8082:Cancel@localhost: missing entry.
2022-06-27 14:33:59,724 INFO com.netflix.eureka.registry.AbstractInstanceRegistry [http-nio-8761-exec-9] Registered instance MICROSERVICE-FRAUD/192.168.0.5:microservice-fraud:8082 with status UP (replication=false)
2022-06-27 14:34:00,240 INFO com.netflix.eureka.registry.AbstractInstanceRegistry [http-nio-8761-exec-2] Registered instance MICROSERVICE-FRAUD/192.168.0.5:microservice-fraud:8082 with status UP (replication=true)
2022-06-27 14:34:11,222 INFO com.netflix.eureka.registry.AbstractInstanceRegistry$EvictionTask [Eureka-EvictionTimer] Running the evict task with compensationTime 1ms
2022-06-27 14:35:11,224 INFO com.netflix.eureka.registry.AbstractInstanceRegistry$EvictionTask [Eureka-EvictionTimer] Running the evict task with compensationTime 4ms
2022-06-27 14:35:20,876 INFO com.netflix.eureka.registry.AbstractInstanceRegistry [http-nio-8761-exec-6] Registered instance MICROSERVICE-FRAUD/192.168.0.5:microservice-fraud:8082 with status DOWN (replication=false)
2022-06-27 14:35:21,387 INFO com.netflix.eureka.registry.AbstractInstanceRegistry [http-nio-8761-exec-10] Registered instance MICROSERVICE-FRAUD/192.168.0.5:microservice-fraud:8082 with status DOWN (replication=true)
2022-06-27 14:35:24,846 INFO com.netflix.eureka.registry.AbstractInstanceRegistry [http-nio-8761-exec-8] Cancelled instance MICROSERVICE-FRAUD/192.168.0.5:microservice-fraud:8082 (replication=false)
2022-06-27 14:35:25,356 WARN com.netflix.eureka.registry.AbstractInstanceRegistry [http-nio-8761-exec-4] DS: Registry: cancel failed because Lease is not registered for: MICROSERVICE-FRAUD/192.168.0.5:microservice-fraud:8082
2022-06-27 14:35:25,357 INFO com.netflix.eureka.resources.InstanceResource [http-nio-8761-exec-4] Not Found (Cancel): MICROSERVICE-FRAUD - 192.168.0.5:microservice-fraud:8082
2022-06-27 14:35:25,359 WARN com.netflix.eureka.cluster.ReplicationTask [TaskBatchingWorker-target_localhost-13] The replication of task MICROSERVICE-FRAUD/192.168.0.5:microservice-fraud:8082:Cancel@localhost failed with response code 404
2022-06-27 14:35:25,360 WARN com.netflix.eureka.cluster.PeerEurekaNode$2 [TaskBatchingWorker-target_localhost-13] MICROSERVICE-FRAUD/192.168.0.5:microservice-fraud:8082:Cancel@localhost: missing entry.
2022-06-27 14:35:43,134 INFO com.netflix.eureka.registry.AbstractInstanceRegistry [http-nio-8761-exec-5] Registered instance MICROSERVICE-FRAUD/192.168.0.5:microservice-fraud:8082 with status UP (replication=false)
2022-06-27 14:35:43,641 INFO com.netflix.eureka.registry.AbstractInstanceRegistry [http-nio-8761-exec-7] Registered instance MICROSERVICE-FRAUD/192.168.0.5:microservice-fraud:8082 with status UP (replication=true)
2022-06-27 14:36:11,224 INFO com.netflix.eureka.registry.AbstractInstanceRegistry$EvictionTask [Eureka-EvictionTimer] Running the evict task with compensationTime 1ms
2022-06-27 14:37:11,226 INFO com.netflix.eureka.registry.AbstractInstanceRegistry$EvictionTask [Eureka-EvictionTimer] Running the evict task with compensationTime 3ms
2022-06-27 14:38:11,228 INFO com.netflix.eureka.registry.AbstractInstanceRegistry$EvictionTask [Eureka-EvictionTimer] Running the evict task with compensationTime 3ms
2022-06-27 14:39:07,492 INFO com.netflix.eureka.registry.AbstractInstanceRegistry [http-nio-8761-exec-7] Registered instance MICROSERVICE-FRAUD/192.168.0.5:microservice-fraud:8082 with status DOWN (replication=false)
2022-06-27 14:39:08,006 INFO com.netflix.eureka.registry.AbstractInstanceRegistry [http-nio-8761-exec-3] Registered instance MICROSERVICE-FRAUD/192.168.0.5:microservice-fraud:8082 with status DOWN (replication=true)
2022-06-27 14:39:10,788 INFO com.netflix.eureka.registry.PeerAwareInstanceRegistryImpl [ReplicaAwareInstanceRegistry - RenewalThresholdUpdater] Current renewal threshold is : 5
2022-06-27 14:39:10,899 INFO com.netflix.eureka.registry.AbstractInstanceRegistry [http-nio-8761-exec-6] Cancelled instance MICROSERVICE-FRAUD/192.168.0.5:microservice-fraud:8082 (replication=false)
2022-06-27 14:39:11,232 INFO com.netflix.eureka.registry.AbstractInstanceRegistry$EvictionTask [Eureka-EvictionTimer] Running the evict task with compensationTime 5ms
2022-06-27 14:39:11,403 WARN com.netflix.eureka.registry.AbstractInstanceRegistry [http-nio-8761-exec-10] DS: Registry: cancel failed because Lease is not registered for: MICROSERVICE-FRAUD/192.168.0.5:microservice-fraud:8082
2022-06-27 14:39:11,403 INFO com.netflix.eureka.resources.InstanceResource [http-nio-8761-exec-10] Not Found (Cancel): MICROSERVICE-FRAUD - 192.168.0.5:microservice-fraud:8082
2022-06-27 14:39:11,404 WARN com.netflix.eureka.cluster.ReplicationTask [TaskBatchingWorker-target_localhost-16] The replication of task MICROSERVICE-FRAUD/192.168.0.5:microservice-fraud:8082:Cancel@localhost failed with response code 404
2022-06-27 14:39:11,405 WARN com.netflix.eureka.cluster.PeerEurekaNode$2 [TaskBatchingWorker-target_localhost-16] MICROSERVICE-FRAUD/192.168.0.5:microservice-fraud:8082:Cancel@localhost: missing entry.
2022-06-27 14:40:11,234 INFO com.netflix.eureka.registry.AbstractInstanceRegistry$EvictionTask [Eureka-EvictionTimer] Running the evict task with compensationTime 4ms
2022-06-27 14:41:11,236 INFO com.netflix.eureka.registry.AbstractInstanceRegistry$EvictionTask [Eureka-EvictionTimer] Running the evict task with compensationTime 3ms
2022-06-27 14:41:58,593 INFO com.netflix.eureka.registry.AbstractInstanceRegistry [http-nio-8761-exec-8] Registered instance MICROSERVICE-FRAUD/192.168.0.5:microservice-fraud:8082 with status UP (replication=false)
2022-06-27 14:41:59,103 INFO com.netflix.eureka.registry.AbstractInstanceRegistry [http-nio-8761-exec-4] Registered instance MICROSERVICE-FRAUD/192.168.0.5:microservice-fraud:8082 with status UP (replication=true)
2022-06-27 14:42:11,238 INFO com.netflix.eureka.registry.AbstractInstanceRegistry$EvictionTask [Eureka-EvictionTimer] Running the evict task with compensationTime 3ms
2022-06-27 14:43:11,238 INFO com.netflix.eureka.registry.AbstractInstanceRegistry$EvictionTask [Eureka-EvictionTimer] Running the evict task with compensationTime 1ms
2022-06-27 14:44:11,238 INFO com.netflix.eureka.registry.AbstractInstanceRegistry$EvictionTask [Eureka-EvictionTimer] Running the evict task with compensationTime 1ms
2022-06-27 14:45:11,241 INFO com.netflix.eureka.registry.AbstractInstanceRegistry$EvictionTask [Eureka-EvictionTimer] Running the evict task with compensationTime 4ms
2022-06-27 14:46:11,241 INFO com.netflix.eureka.registry.AbstractInstanceRegistry$EvictionTask [Eureka-EvictionTimer] Running the evict task with compensationTime 1ms
2022-06-27 14:47:11,242 INFO com.netflix.eureka.registry.AbstractInstanceRegistry$EvictionTask [Eureka-EvictionTimer] Running the evict task with compensationTime 1ms
2022-06-27 14:48:11,243 INFO com.netflix.eureka.registry.AbstractInstanceRegistry$EvictionTask [Eureka-EvictionTimer] Running the evict task with compensationTime 2ms
2022-06-27 14:49:11,245 INFO com.netflix.eureka.registry.AbstractInstanceRegistry$EvictionTask [Eureka-EvictionTimer] Running the evict task with compensationTime 3ms
2022-06-27 14:50:11,248 INFO com.netflix.eureka.registry.AbstractInstanceRegistry$EvictionTask [Eureka-EvictionTimer] Running the evict task with compensationTime 4ms
2022-06-27 14:51:11,250 INFO com.netflix.eureka.registry.AbstractInstanceRegistry$EvictionTask [Eureka-EvictionTimer] Running the evict task with compensationTime 3ms
2022-06-27 14:52:11,251 INFO com.netflix.eureka.registry.AbstractInstanceRegistry$EvictionTask [Eureka-EvictionTimer] Running the evict task with compensationTime 3ms
2022-06-27 14:53:11,251 INFO com.netflix.eureka.registry.AbstractInstanceRegistry$EvictionTask [Eureka-EvictionTimer] Running the evict task with compensationTime 1ms
2022-06-27 14:54:10,777 INFO com.netflix.eureka.registry.PeerAwareInstanceRegistryImpl [ReplicaAwareInstanceRegistry - RenewalThresholdUpdater] Current renewal threshold is : 5
2022-06-27 14:54:11,254 INFO com.netflix.eureka.registry.AbstractInstanceRegistry$EvictionTask [Eureka-EvictionTimer] Running the evict task with compensationTime 4ms
2022-06-27 14:55:11,255 INFO com.netflix.eureka.registry.AbstractInstanceRegistry$EvictionTask [Eureka-EvictionTimer] Running the evict task with compensationTime 2ms
2022-06-27 14:56:11,256 INFO com.netflix.eureka.registry.AbstractInstanceRegistry$EvictionTask [Eureka-EvictionTimer] Running the evict task with compensationTime 1ms
2022-06-27 14:57:11,257 INFO com.netflix.eureka.registry.AbstractInstanceRegistry$EvictionTask [Eureka-EvictionTimer] Running the evict task with compensationTime 3ms
2022-06-27 14:58:11,261 INFO com.netflix.eureka.registry.AbstractInstanceRegistry$EvictionTask [Eureka-EvictionTimer] Running the evict task with compensationTime 4ms
2022-06-27 14:59:11,261 INFO com.netflix.eureka.registry.AbstractInstanceRegistry$EvictionTask [Eureka-EvictionTimer] Running the evict task with compensationTime 1ms
2022-06-27 15:00:11,261 INFO com.netflix.eureka.registry.AbstractInstanceRegistry$EvictionTask [Eureka-EvictionTimer] Running the evict task with compensationTime 1ms
2022-06-27 15:01:11,264 INFO com.netflix.eureka.registry.AbstractInstanceRegistry$EvictionTask [Eureka-EvictionTimer] Running the evict task with compensationTime 4ms
2022-06-27 15:02:11,265 INFO com.netflix.eureka.registry.AbstractInstanceRegistry$EvictionTask [Eureka-EvictionTimer] Running the evict task with compensationTime 1ms
2022-06-27 15:03:11,268 INFO com.netflix.eureka.registry.AbstractInstanceRegistry$EvictionTask [Eureka-EvictionTimer] Running the evict task with compensationTime 4ms
2022-06-27 15:04:11,271 INFO com.netflix.eureka.registry.AbstractInstanceRegistry$EvictionTask [Eureka-EvictionTimer] Running the evict task with compensationTime 4ms
2022-06-27 15:05:11,274 INFO com.netflix.eureka.registry.AbstractInstanceRegistry$EvictionTask [Eureka-EvictionTimer] Running the evict task with compensationTime 4ms
2022-06-27 15:06:11,274 INFO com.netflix.eureka.registry.AbstractInstanceRegistry$EvictionTask [Eureka-EvictionTimer] Running the evict task with compensationTime 1ms
2022-06-27 15:07:11,275 INFO com.netflix.eureka.registry.AbstractInstanceRegistry$EvictionTask [Eureka-EvictionTimer] Running the evict task with compensationTime 2ms
2022-06-27 15:08:11,275 INFO com.netflix.eureka.registry.AbstractInstanceRegistry$EvictionTask [Eureka-EvictionTimer] Running the evict task with compensationTime 1ms
2022-06-27 15:09:10,779 INFO com.netflix.eureka.registry.PeerAwareInstanceRegistryImpl [ReplicaAwareInstanceRegistry - RenewalThresholdUpdater] Current renewal threshold is : 5
2022-06-27 15:09:11,277 INFO com.netflix.eureka.registry.AbstractInstanceRegistry$EvictionTask [Eureka-EvictionTimer] Running the evict task with compensationTime 3ms
2022-06-27 15:10:11,280 INFO com.netflix.eureka.registry.AbstractInstanceRegistry$EvictionTask [Eureka-EvictionTimer] Running the evict task with compensationTime 4ms
2022-06-27 15:11:11,280 INFO com.netflix.eureka.registry.AbstractInstanceRegistry$EvictionTask [Eureka-EvictionTimer] Running the evict task with compensationTime 1ms
2022-06-27 15:12:11,281 INFO com.netflix.eureka.registry.AbstractInstanceRegistry$EvictionTask [Eureka-EvictionTimer] Running the evict task with compensationTime 2ms
2022-06-27 15:13:11,289 INFO com.netflix.eureka.registry.AbstractInstanceRegistry$EvictionTask [Eureka-EvictionTimer] Running the evict task with compensationTime 9ms
2022-06-27 15:14:11,292 INFO com.netflix.eureka.registry.AbstractInstanceRegistry$EvictionTask [Eureka-EvictionTimer] Running the evict task with compensationTime 4ms
2022-06-27 15:15:11,295 INFO com.netflix.eureka.registry.AbstractInstanceRegistry$EvictionTask [Eureka-EvictionTimer] Running the evict task with compensationTime 4ms
2022-06-27 15:16:11,297 INFO com.netflix.eureka.registry.AbstractInstanceRegistry$EvictionTask [Eureka-EvictionTimer] Running the evict task with compensationTime 3ms
2022-06-27 15:17:11,300 INFO com.netflix.eureka.registry.AbstractInstanceRegistry$EvictionTask [Eureka-EvictionTimer] Running the evict task with compensationTime 4ms
2022-06-27 15:18:11,301 INFO com.netflix.eureka.registry.AbstractInstanceRegistry$EvictionTask [Eureka-EvictionTimer] Running the evict task with compensationTime 2ms
2022-06-27 15:19:11,304 INFO com.netflix.eureka.registry.AbstractInstanceRegistry$EvictionTask [Eureka-EvictionTimer] Running the evict task with compensationTime 5ms
2022-06-27 15:20:11,304 INFO com.netflix.eureka.registry.AbstractInstanceRegistry$EvictionTask [Eureka-EvictionTimer] Running the evict task with compensationTime 1ms
2022-06-27 15:21:11,315 INFO com.netflix.eureka.registry.AbstractInstanceRegistry$EvictionTask [Eureka-EvictionTimer] Running the evict task with compensationTime 12ms
2022-06-27 15:22:11,317 INFO com.netflix.eureka.registry.AbstractInstanceRegistry$EvictionTask [Eureka-EvictionTimer] Running the evict task with compensationTime 3ms
2022-06-27 15:23:11,318 INFO com.netflix.eureka.registry.AbstractInstanceRegistry$EvictionTask [Eureka-EvictionTimer] Running the evict task with compensationTime 1ms
2022-06-27 15:24:10,779 INFO com.netflix.eureka.registry.PeerAwareInstanceRegistryImpl [ReplicaAwareInstanceRegistry - RenewalThresholdUpdater] Current renewal threshold is : 5
2022-06-27 15:24:11,319 INFO com.netflix.eureka.registry.AbstractInstanceRegistry$EvictionTask [Eureka-EvictionTimer] Running the evict task with compensationTime 3ms
2022-06-27 15:25:11,320 INFO com.netflix.eureka.registry.AbstractInstanceRegistry$EvictionTask [Eureka-EvictionTimer] Running the evict task with compensationTime 2ms
2022-06-27 15:26:11,322 INFO com.netflix.eureka.registry.AbstractInstanceRegistry$EvictionTask [Eureka-EvictionTimer] Running the evict task with compensationTime 2ms
2022-06-27 15:27:11,326 INFO com.netflix.eureka.registry.AbstractInstanceRegistry$EvictionTask [Eureka-EvictionTimer] Running the evict task with compensationTime 5ms
2022-06-27 15:28:11,326 INFO com.netflix.eureka.registry.AbstractInstanceRegistry$EvictionTask [Eureka-EvictionTimer] Running the evict task with compensationTime 1ms
2022-06-27 15:29:11,336 INFO com.netflix.eureka.registry.AbstractInstanceRegistry$EvictionTask [Eureka-EvictionTimer] Running the evict task with compensationTime 12ms
2022-06-27 15:30:11,338 INFO com.netflix.eureka.registry.AbstractInstanceRegistry$EvictionTask [Eureka-EvictionTimer] Running the evict task with compensationTime 3ms
2022-06-27 15:31:11,341 INFO com.netflix.eureka.registry.AbstractInstanceRegistry$EvictionTask [Eureka-EvictionTimer] Running the evict task with compensationTime 4ms
2022-06-27 15:32:11,345 INFO com.netflix.eureka.registry.AbstractInstanceRegistry$EvictionTask [Eureka-EvictionTimer] Running the evict task with compensationTime 5ms
2022-06-27 15:33:11,346 INFO com.netflix.eureka.registry.AbstractInstanceRegistry$EvictionTask [Eureka-EvictionTimer] Running the evict task with compensationTime 2ms
2022-06-27 15:34:11,350 INFO com.netflix.eureka.registry.AbstractInstanceRegistry$EvictionTask [Eureka-EvictionTimer] Running the evict task with compensationTime 5ms
2022-06-27 15:35:11,353 INFO com.netflix.eureka.registry.AbstractInstanceRegistry$EvictionTask [Eureka-EvictionTimer] Running the evict task with compensationTime 4ms
2022-06-27 15:36:11,362 INFO com.netflix.eureka.registry.AbstractInstanceRegistry$EvictionTask [Eureka-EvictionTimer] Running the evict task with compensationTime 10ms
2022-06-27 15:37:11,362 INFO com.netflix.eureka.registry.AbstractInstanceRegistry$EvictionTask [Eureka-EvictionTimer] Running the evict task with compensationTime 1ms
2022-06-27 15:38:11,363 INFO com.netflix.eureka.registry.AbstractInstanceRegistry$EvictionTask [Eureka-EvictionTimer] Running the evict task with compensationTime 2ms
2022-06-27 15:39:10,784 INFO com.netflix.eureka.registry.PeerAwareInstanceRegistryImpl [ReplicaAwareInstanceRegistry - RenewalThresholdUpdater] Current renewal threshold is : 5
2022-06-27 15:39:11,367 INFO com.netflix.eureka.registry.AbstractInstanceRegistry$EvictionTask [Eureka-EvictionTimer] Running the evict task with compensationTime 5ms
2022-06-27 15:40:11,368 INFO com.netflix.eureka.registry.AbstractInstanceRegistry$EvictionTask [Eureka-EvictionTimer] Running the evict task with compensationTime 2ms
2022-06-27 15:41:11,372 INFO com.netflix.eureka.registry.AbstractInstanceRegistry$EvictionTask [Eureka-EvictionTimer] Running the evict task with compensationTime 5ms
2022-06-27 15:42:11,372 INFO com.netflix.eureka.registry.AbstractInstanceRegistry$EvictionTask [Eureka-EvictionTimer] Running the evict task with compensationTime 1ms
2022-06-27 15:43:11,375 INFO com.netflix.eureka.registry.AbstractInstanceRegistry$EvictionTask [Eureka-EvictionTimer] Running the evict task with compensationTime 4ms
2022-06-27 15:44:11,378 INFO com.netflix.eureka.registry.AbstractInstanceRegistry$EvictionTask [Eureka-EvictionTimer] Running the evict task with compensationTime 4ms
2022-06-27 15:45:11,378 INFO com.netflix.eureka.registry.AbstractInstanceRegistry$EvictionTask [Eureka-EvictionTimer] Running the evict task with compensationTime 1ms
2022-06-27 15:46:11,380 INFO com.netflix.eureka.registry.AbstractInstanceRegistry$EvictionTask [Eureka-EvictionTimer] Running the evict task with compensationTime 3ms
2022-06-27 15:47:11,382 INFO com.netflix.eureka.registry.AbstractInstanceRegistry$EvictionTask [Eureka-EvictionTimer] Running the evict task with compensationTime 3ms
2022-06-27 15:48:11,382 INFO com.netflix.eureka.registry.AbstractInstanceRegistry$EvictionTask [Eureka-EvictionTimer] Running the evict task with compensationTime 1ms
2022-06-27 15:49:11,385 INFO com.netflix.eureka.registry.AbstractInstanceRegistry$EvictionTask [Eureka-EvictionTimer] Running the evict task with compensationTime 4ms
2022-06-27 15:50:11,387 INFO com.netflix.eureka.registry.AbstractInstanceRegistry$EvictionTask [Eureka-EvictionTimer] Running the evict task with compensationTime 4ms
2022-06-27 15:51:11,390 INFO com.netflix.eureka.registry.AbstractInstanceRegistry$EvictionTask [Eureka-EvictionTimer] Running the evict task with compensationTime 3ms
2022-06-27 15:52:11,393 INFO com.netflix.eureka.registry.AbstractInstanceRegistry$EvictionTask [Eureka-EvictionTimer] Running the evict task with compensationTime 5ms
2022-06-27 15:53:11,396 INFO com.netflix.eureka.registry.AbstractInstanceRegistry$EvictionTask [Eureka-EvictionTimer] Running the evict task with compensationTime 3ms
2022-06-27 15:54:10,784 INFO com.netflix.eureka.registry.PeerAwareInstanceRegistryImpl [ReplicaAwareInstanceRegistry - RenewalThresholdUpdater] Current renewal threshold is : 5
2022-06-27 15:54:11,399 INFO com.netflix.eureka.registry.AbstractInstanceRegistry$EvictionTask [Eureka-EvictionTimer] Running the evict task with compensationTime 4ms
2022-06-27 15:55:11,401 INFO com.netflix.eureka.registry.AbstractInstanceRegistry$EvictionTask [Eureka-EvictionTimer] Running the evict task with compensationTime 3ms
2022-06-27 15:56:11,401 INFO com.netflix.eureka.registry.AbstractInstanceRegistry$EvictionTask [Eureka-EvictionTimer] Running the evict task with compensationTime 2ms
2022-06-27 15:57:11,401 INFO com.netflix.eureka.registry.AbstractInstanceRegistry$EvictionTask [Eureka-EvictionTimer] Running the evict task with compensationTime 1ms
2022-06-27 15:58:11,401 INFO com.netflix.eureka.registry.AbstractInstanceRegistry$EvictionTask [Eureka-EvictionTimer] Running the evict task with compensationTime 1ms
2022-06-27 15:59:11,402 INFO com.netflix.eureka.registry.AbstractInstanceRegistry$EvictionTask [Eureka-EvictionTimer] Running the evict task with compensationTime 2ms
2022-06-27 16:00:11,405 INFO com.netflix.eureka.registry.AbstractInstanceRegistry$EvictionTask [Eureka-EvictionTimer] Running the evict task with compensationTime 4ms
2022-06-27 16:01:11,407 INFO com.netflix.eureka.registry.AbstractInstanceRegistry$EvictionTask [Eureka-EvictionTimer] Running the evict task with compensationTime 3ms
2022-06-27 16:02:11,409 INFO com.netflix.eureka.registry.AbstractInstanceRegistry$EvictionTask [Eureka-EvictionTimer] Running the evict task with compensationTime 3ms
2022-06-27 16:03:11,409 INFO com.netflix.eureka.registry.AbstractInstanceRegistry$EvictionTask [Eureka-EvictionTimer] Running the evict task with compensationTime 2ms
2022-06-27 16:04:11,412 INFO com.netflix.eureka.registry.AbstractInstanceRegistry$EvictionTask [Eureka-EvictionTimer] Running the evict task with compensationTime 4ms
2022-06-27 16:05:11,413 INFO com.netflix.eureka.registry.AbstractInstanceRegistry$EvictionTask [Eureka-EvictionTimer] Running the evict task with compensationTime 2ms
2022-06-27 16:06:11,413 INFO com.netflix.eureka.registry.AbstractInstanceRegistry$EvictionTask [Eureka-EvictionTimer] Running the evict task with compensationTime 1ms
2022-06-27 16:07:11,415 INFO com.netflix.eureka.registry.AbstractInstanceRegistry$EvictionTask [Eureka-EvictionTimer] Running the evict task with compensationTime 2ms
2022-06-27 16:08:11,422 INFO com.netflix.eureka.registry.AbstractInstanceRegistry$EvictionTask [Eureka-EvictionTimer] Running the evict task with compensationTime 8ms
2022-06-27 16:09:10,786 INFO com.netflix.eureka.registry.PeerAwareInstanceRegistryImpl [ReplicaAwareInstanceRegistry - RenewalThresholdUpdater] Current renewal threshold is : 5
2022-06-27 16:09:11,424 INFO com.netflix.eureka.registry.AbstractInstanceRegistry$EvictionTask [Eureka-EvictionTimer] Running the evict task with compensationTime 3ms
2022-06-27 16:10:11,430 INFO com.netflix.eureka.registry.AbstractInstanceRegistry$EvictionTask [Eureka-EvictionTimer] Running the evict task with compensationTime 7ms
2022-06-27 16:11:11,434 INFO com.netflix.eureka.registry.AbstractInstanceRegistry$EvictionTask [Eureka-EvictionTimer] Running the evict task with compensationTime 4ms
2022-06-27 16:12:11,435 INFO com.netflix.eureka.registry.AbstractInstanceRegistry$EvictionTask [Eureka-EvictionTimer] Running the evict task with compensationTime 2ms
2022-06-27 16:13:11,438 INFO com.netflix.eureka.registry.AbstractInstanceRegistry$EvictionTask [Eureka-EvictionTimer] Running the evict task with compensationTime 4ms
2022-06-27 16:14:11,440 INFO com.netflix.eureka.registry.AbstractInstanceRegistry$EvictionTask [Eureka-EvictionTimer] Running the evict task with compensationTime 3ms
2022-06-27 16:15:11,440 INFO com.netflix.eureka.registry.AbstractInstanceRegistry$EvictionTask [Eureka-EvictionTimer] Running the evict task with compensationTime 2ms
2022-06-27 16:16:11,442 INFO com.netflix.eureka.registry.AbstractInstanceRegistry$EvictionTask [Eureka-EvictionTimer] Running the evict task with compensationTime 3ms
2022-06-27 16:17:11,444 INFO com.netflix.eureka.registry.AbstractInstanceRegistry$EvictionTask [Eureka-EvictionTimer] Running the evict task with compensationTime 3ms
2022-06-27 16:18:11,447 INFO com.netflix.eureka.registry.AbstractInstanceRegistry$EvictionTask [Eureka-EvictionTimer] Running the evict task with compensationTime 4ms
2022-06-27 16:19:11,450 INFO com.netflix.eureka.registry.AbstractInstanceRegistry$EvictionTask [Eureka-EvictionTimer] Running the evict task with compensationTime 4ms
2022-06-27 16:20:11,453 INFO com.netflix.eureka.registry.AbstractInstanceRegistry$EvictionTask [Eureka-EvictionTimer] Running the evict task with compensationTime 4ms
2022-06-27 16:21:11,454 INFO com.netflix.eureka.registry.AbstractInstanceRegistry$EvictionTask [Eureka-EvictionTimer] Running the evict task with compensationTime 2ms
2022-06-27 16:22:11,456 INFO com.netflix.eureka.registry.AbstractInstanceRegistry$EvictionTask [Eureka-EvictionTimer] Running the evict task with compensationTime 3ms
2022-06-27 16:23:11,459 INFO com.netflix.eureka.registry.AbstractInstanceRegistry$EvictionTask [Eureka-EvictionTimer] Running the evict task with compensationTime 4ms
2022-06-27 16:24:10,787 INFO com.netflix.eureka.registry.PeerAwareInstanceRegistryImpl [ReplicaAwareInstanceRegistry - RenewalThresholdUpdater] Current renewal threshold is : 5
2022-06-27 16:24:11,460 INFO com.netflix.eureka.registry.AbstractInstanceRegistry$EvictionTask [Eureka-EvictionTimer] Running the evict task with compensationTime 2ms
2022-06-27 16:25:11,462 INFO com.netflix.eureka.registry.AbstractInstanceRegistry$EvictionTask [Eureka-EvictionTimer] Running the evict task with compensationTime 2ms
2022-06-27 16:26:11,461 INFO com.netflix.eureka.registry.AbstractInstanceRegistry$EvictionTask [Eureka-EvictionTimer] Running the evict task with compensationTime 1ms
2022-06-27 16:27:11,463 INFO com.netflix.eureka.registry.AbstractInstanceRegistry$EvictionTask [Eureka-EvictionTimer] Running the evict task with compensationTime 3ms
2022-06-27 16:28:11,464 INFO com.netflix.eureka.registry.AbstractInstanceRegistry$EvictionTask [Eureka-EvictionTimer] Running the evict task with compensationTime 2ms
2022-06-27 16:29:11,464 INFO com.netflix.eureka.registry.AbstractInstanceRegistry$EvictionTask [Eureka-EvictionTimer] Running the evict task with compensationTime 1ms
2022-06-27 16:30:11,876 INFO com.netflix.eureka.registry.AbstractInstanceRegistry$EvictionTask [Eureka-EvictionTimer] Running the evict task with compensationTime 5ms
2022-06-27 16:31:11,878 INFO com.netflix.eureka.registry.AbstractInstanceRegistry$EvictionTask [Eureka-EvictionTimer] Running the evict task with compensationTime 3ms
2022-06-27 16:32:11,886 INFO com.netflix.eureka.registry.AbstractInstanceRegistry$EvictionTask [Eureka-EvictionTimer] Running the evict task with compensationTime 8ms
2022-06-27 16:33:11,886 INFO com.netflix.eureka.registry.AbstractInstanceRegistry$EvictionTask [Eureka-EvictionTimer] Running the evict task with compensationTime 0ms
2022-06-27 16:34:11,890 INFO com.netflix.eureka.registry.AbstractInstanceRegistry$EvictionTask [Eureka-EvictionTimer] Running the evict task with compensationTime 4ms
2022-06-27 16:35:11,893 INFO com.netflix.eureka.registry.AbstractInstanceRegistry$EvictionTask [Eureka-EvictionTimer] Running the evict task with compensationTime 3ms
2022-06-27 16:35:12,693 INFO org.springframework.cloud.sleuth.autoconfig.zipkin2.ZipkinAutoConfiguration$2 [Thread-2] Flushing remaining spans on shutdown
2022-06-27 16:35:12,699 INFO org.springframework.cloud.netflix.eureka.serviceregistry.EurekaServiceRegistry [SpringApplicationShutdownHook] Unregistering application SERVICE-REGISTRY with eureka with status DOWN
2022-06-27 16:35:12,730 INFO org.springframework.cloud.netflix.eureka.server.EurekaServerBootstrap [SpringApplicationShutdownHook] Shutting down Eureka Server..
2022-06-27 16:35:12,768 INFO com.netflix.eureka.DefaultEurekaServerContext [SpringApplicationShutdownHook] Shutting down ...
2022-06-27 16:35:12,774 INFO com.netflix.servo.monitor.StatsMonitor [SpringApplicationShutdownHook] Attempting to get the value for an expired monitor: eurekaServer.replication.batchSize.Will start computing stats again.
2022-06-27 16:35:12,783 INFO com.netflix.servo.monitor.StatsMonitor [SpringApplicationShutdownHook] Attempting to get the value for an expired monitor: eurekaServer.replication.executionTime.Will start computing stats again.
2022-06-27 16:35:12,786 INFO com.netflix.servo.monitor.StatsMonitor [SpringApplicationShutdownHook] Attempting to get the value for an expired monitor: eurekaServer.replication.executionTime.Will start computing stats again.
2022-06-27 16:35:12,791 INFO com.netflix.servo.monitor.StatsMonitor [SpringApplicationShutdownHook] Attempting to get the value for an expired monitor: eurekaServer.replication.batchSize.Will start computing stats again.
2022-06-27 16:35:12,901 INFO com.netflix.eureka.DefaultEurekaServerContext [SpringApplicationShutdownHook] Shut down
2022-06-27 16:35:12,901 INFO org.springframework.cloud.netflix.eureka.server.EurekaServerBootstrap [SpringApplicationShutdownHook] Eureka Service is now shutdown...
2022-06-27 16:35:12,902 INFO com.netflix.eureka.DefaultEurekaServerContext [SpringApplicationShutdownHook] Shutting down ...
2022-06-27 16:35:12,979 INFO com.netflix.eureka.DefaultEurekaServerContext [SpringApplicationShutdownHook] Shut down
2022-06-27 16:35:13,343 INFO com.netflix.discovery.DiscoveryClient [SpringApplicationShutdownHook] Shutting down DiscoveryClient ...
2022-06-27 16:35:13,349 INFO com.netflix.discovery.DiscoveryClient [SpringApplicationShutdownHook] Completed shut down of DiscoveryClient
